2026-05-28T20:16:04.973+05:30  INFO 32128 --- [AirlineReservation] [main] c.A.AirlineReservationApplication        : Starting AirlineReservationApplication using Java 17.0.2 with PID 32128 (C:\Users\venkatesh\Downloads\Springboot Projects\AirlineReservation\AirlineReservation\target\classes started by venkatesh in C:\Users\venkatesh\Downloads\Springboot Projects\AirlineReservation\AirlineReservation)
2026-05-28T20:16:04.998+05:30 DEBUG 32128 --- [AirlineReservation] [main] c.A.AirlineReservationApplication        : Running with Spring Boot v4.0.6, Spring v7.0.7
2026-05-28T20:16:05.009+05:30  INFO 32128 --- [AirlineReservation] [main] c.A.AirlineReservationApplication        : No active profile set, falling back to 1 default profile: "default"
2026-05-28T20:16:06.295+05:30  INFO 32128 --- [AirlineReservation] [main] .s.d.r.c.RepositoryConfigurationDelegate : Bootstrapping Spring Data JPA repositories in DEFAULT mode.
2026-05-28T20:16:06.372+05:30  INFO 32128 --- [AirlineReservation] [main] .s.d.r.c.RepositoryConfigurationDelegate : Finished Spring Data repository scanning in 67 ms. Found 3 JPA repository interfaces.
2026-05-28T20:16:07.077+05:30  INFO 32128 --- [AirlineReservation] [main] o.s.boot.tomcat.TomcatWebServer          : Tomcat initialized with port 9090 (http)
2026-05-28T20:16:07.092+05:30  INFO 32128 --- [AirlineReservation] [main] o.apache.catalina.core.StandardService   : Starting service [Tomcat]
2026-05-28T20:16:07.092+05:30  INFO 32128 --- [AirlineReservation] [main] o.apache.catalina.core.StandardEngine    : Starting Servlet engine: [Apache Tomcat/11.0.21]
2026-05-28T20:16:07.179+05:30  INFO 32128 --- [AirlineReservation] [main] b.w.c.s.WebApplicationContextInitializer : Root WebApplicationContext: initialization completed in 2006 ms
2026-05-28T20:16:07.398+05:30  INFO 32128 --- [AirlineReservation] [main] org.hibernate.orm.jpa                    : HHH008540: Processing PersistenceUnitInfo [name: default]
2026-05-28T20:16:07.538+05:30  INFO 32128 --- [AirlineReservation] [main] org.hibernate.orm.core                   : HHH000001: Hibernate ORM core version 7.2.12.Final
2026-05-28T20:16:08.530+05:30  INFO 32128 --- [AirlineReservation] [main] o.s.o.j.p.SpringPersistenceUnitInfo      : No LoadTimeWeaver setup: ignoring JPA class transformer
2026-05-28T20:16:08.571+05:30  INFO 32128 --- [AirlineReservation] [main] com.zaxxer.hikari.HikariDataSource       : HikariPool-1 - Starting...
2026-05-28T20:16:09.042+05:30  INFO 32128 --- [AirlineReservation] [main] com.zaxxer.hikari.pool.HikariPool        : HikariPool-1 - Added connection com.mysql.cj.jdbc.ConnectionImpl@437c1a87
2026-05-28T20:16:09.045+05:30  INFO 32128 --- [AirlineReservation] [main] com.zaxxer.hikari.HikariDataSource       : HikariPool-1 - Start completed.
2026-05-28T20:16:09.167+05:30  INFO 32128 --- [AirlineReservation] [main] org.hibernate.orm.connections.pooling    : HHH10001005: Database info:
	Database JDBC URL [jdbc:mysql://localhost:3306/airline_db]
	Database driver: MySQL Connector/J
	Database dialect: MySQLDialect
	Database version: 8.0.28
	Default catalog/schema: airline_db/undefined
	Autocommit mode: undefined/unknown
	Isolation level: REPEATABLE_READ [default REPEATABLE_READ]
	JDBC fetch size: none
	Pool: DataSourceConnectionProvider
	Minimum pool size: undefined/unknown
	Maximum pool size: undefined/unknown
2026-05-28T20:16:10.729+05:30  INFO 32128 --- [AirlineReservation] [main] org.hibernate.orm.core                   : HHH000489: No JTA platform available (set 'hibernate.transaction.jta.platform' to enable JTA platform integration)
2026-05-28T20:16:10.902+05:30  INFO 32128 --- [AirlineReservation] [main] j.LocalContainerEntityManagerFactoryBean : Initialized JPA EntityManagerFactory for persistence unit 'default'
2026-05-28T20:16:11.011+05:30  INFO 32128 --- [AirlineReservation] [main] o.s.d.j.r.query.QueryEnhancerFactories   : Hibernate is in classpath; If applicable, HQL parser will be used.
2026-05-28T20:16:11.332+05:30  WARN 32128 --- [AirlineReservation] [main] JpaBaseConfiguration$JpaWebConfiguration : spring.jpa.open-in-view is enabled by default. Therefore, database queries may be performed during view rendering. Explicitly configure spring.jpa.open-in-view to disable this warning
2026-05-28T20:16:11.450+05:30  INFO 32128 --- [AirlineReservation] [main] r$InitializeUserDetailsManagerConfigurer : Global AuthenticationManager configured with UserDetailsService bean with name customUserDetailsService
2026-05-28T20:16:11.918+05:30  INFO 32128 --- [AirlineReservation] [main] o.s.boot.tomcat.TomcatWebServer          : Tomcat started on port 9090 (http) with context path '/'
2026-05-28T20:16:11.924+05:30  INFO 32128 --- [AirlineReservation] [main] c.A.AirlineReservationApplication        : Started AirlineReservationApplication in 7.702 seconds (process running for 10.876)
2026-05-28T20:18:07.028+05:30  INFO 32128 --- [AirlineReservation] [http-nio-9090-exec-2] o.a.c.c.C.[Tomcat].[localhost].[/]       : Initializing Spring DispatcherServlet 'dispatcherServlet'
2026-05-28T20:18:07.029+05:30  INFO 32128 --- [AirlineReservation] [http-nio-9090-exec-2] o.s.web.servlet.DispatcherServlet        : Initializing Servlet 'dispatcherServlet'
2026-05-28T20:18:07.031+05:30  INFO 32128 --- [AirlineReservation] [http-nio-9090-exec-2] o.s.web.servlet.DispatcherServlet        : Completed initialization in 2 ms
2026-05-28T20:20:12.235+05:30  WARN 32128 --- [AirlineReservation] [http-nio-9090-exec-6] ration$PageModule$WarningLoggingModifier : Serializing PageImpl instances as-is is not supported, meaning that there is no guarantee about the stability of the resulting JSON structure!
	For a stable JSON structure, please use Spring Data's PagedModel (globally via @EnableSpringDataWebSupport(pageSerializationMode = VIA_DTO))
	or Spring HATEOAS and Spring Data's PagedResourcesAssembler as documented in https://docs.spring.io/spring-data/commons/reference/repositories/core-extensions.html#core.web.pageables.

2026-05-28T20:21:22.732+05:30 DEBUG 32128 --- [AirlineReservation] [http-nio-9090-exec-3] c.A.Controller.FlightController          : method has reached to search flight 1
2026-05-28T20:21:22.732+05:30 DEBUG 32128 --- [AirlineReservation] [http-nio-9090-exec-3] c.A.Controller.FlightController          : method has reached to search flight 2
2026-05-28T20:21:22.732+05:30 DEBUG 32128 --- [AirlineReservation] [http-nio-9090-exec-3] c.A.S.FlightServiceImplementation        : method has reached to search flight 3
2026-05-28T20:26:03.904+05:30  INFO 32128 --- [AirlineReservation] [RMI TCP Connection(18)-127.0.0.1] inMXBeanRegistrar$SpringApplicationAdmin : Application shutdown requested.
2026-05-28T20:26:03.909+05:30  INFO 32128 --- [AirlineReservation] [RMI TCP Connection(18)-127.0.0.1] o.s.boot.tomcat.GracefulShutdown         : Commencing graceful shutdown. Waiting for active requests to complete
2026-05-28T20:26:03.937+05:30  INFO 32128 --- [AirlineReservation] [tomcat-shutdown] o.s.boot.tomcat.GracefulShutdown         : Graceful shutdown complete
2026-05-28T20:26:03.942+05:30  INFO 32128 --- [AirlineReservation] [RMI TCP Connection(18)-127.0.0.1] j.LocalContainerEntityManagerFactoryBean : Closing JPA EntityManagerFactory for persistence unit 'default'
2026-05-28T20:26:03.946+05:30  INFO 32128 --- [AirlineReservation] [RMI TCP Connection(18)-127.0.0.1] com.zaxxer.hikari.HikariDataSource       : HikariPool-1 - Shutdown initiated...
2026-05-28T20:26:03.957+05:30  INFO 32128 --- [AirlineReservation] [RMI TCP Connection(18)-127.0.0.1] com.zaxxer.hikari.HikariDataSource       : HikariPool-1 - Shutdown completed.
2026-05-28T20:27:07.325+05:30  INFO 25936 --- [AirlineReservation] [main] c.A.AirlineReservationApplication        : Starting AirlineReservationApplication using Java 17.0.2 with PID 25936 (C:\Users\venkatesh\Downloads\Springboot Projects\AirlineReservation\AirlineReservation\target\classes started by venkatesh in C:\Users\venkatesh\Downloads\Springboot Projects\AirlineReservation\AirlineReservation)
2026-05-28T20:27:07.328+05:30 DEBUG 25936 --- [AirlineReservation] [main] c.A.AirlineReservationApplication        : Running with Spring Boot v4.0.6, Spring v7.0.7
2026-05-28T20:27:07.328+05:30  INFO 25936 --- [AirlineReservation] [main] c.A.AirlineReservationApplication        : No active profile set, falling back to 1 default profile: "default"
2026-05-28T20:27:07.889+05:30  INFO 25936 --- [AirlineReservation] [main] .s.d.r.c.RepositoryConfigurationDelegate : Bootstrapping Spring Data JPA repositories in DEFAULT mode.
2026-05-28T20:27:07.943+05:30  INFO 25936 --- [AirlineReservation] [main] .s.d.r.c.RepositoryConfigurationDelegate : Finished Spring Data repository scanning in 46 ms. Found 3 JPA repository interfaces.
2026-05-28T20:27:08.361+05:30  INFO 25936 --- [AirlineReservation] [main] o.s.boot.tomcat.TomcatWebServer          : Tomcat initialized with port 9090 (http)
2026-05-28T20:27:08.371+05:30  INFO 25936 --- [AirlineReservation] [main] o.apache.catalina.core.StandardService   : Starting service [Tomcat]
2026-05-28T20:27:08.372+05:30  INFO 25936 --- [AirlineReservation] [main] o.apache.catalina.core.StandardEngine    : Starting Servlet engine: [Apache Tomcat/11.0.21]
2026-05-28T20:27:08.427+05:30  INFO 25936 --- [AirlineReservation] [main] b.w.c.s.WebApplicationContextInitializer : Root WebApplicationContext: initialization completed in 1063 ms
2026-05-28T20:27:08.574+05:30  INFO 25936 --- [AirlineReservation] [main] org.hibernate.orm.jpa                    : HHH008540: Processing PersistenceUnitInfo [name: default]
2026-05-28T20:27:08.635+05:30  INFO 25936 --- [AirlineReservation] [main] org.hibernate.orm.core                   : HHH000001: Hibernate ORM core version 7.2.12.Final
2026-05-28T20:27:09.079+05:30  INFO 25936 --- [AirlineReservation] [main] o.s.o.j.p.SpringPersistenceUnitInfo      : No LoadTimeWeaver setup: ignoring JPA class transformer
2026-05-28T20:27:09.111+05:30  INFO 25936 --- [AirlineReservation] [main] com.zaxxer.hikari.HikariDataSource       : HikariPool-1 - Starting...
2026-05-28T20:27:09.399+05:30  INFO 25936 --- [AirlineReservation] [main] com.zaxxer.hikari.pool.HikariPool        : HikariPool-1 - Added connection com.mysql.cj.jdbc.ConnectionImpl@111cbcda
2026-05-28T20:27:09.401+05:30  INFO 25936 --- [AirlineReservation] [main] com.zaxxer.hikari.HikariDataSource       : HikariPool-1 - Start completed.
2026-05-28T20:27:09.478+05:30  INFO 25936 --- [AirlineReservation] [main] org.hibernate.orm.connections.pooling    : HHH10001005: Database info:
	Database JDBC URL [jdbc:mysql://localhost:3306/airline_db]
	Database driver: MySQL Connector/J
	Database dialect: MySQLDialect
	Database version: 8.0.28
	Default catalog/schema: airline_db/undefined
	Autocommit mode: undefined/unknown
	Isolation level: REPEATABLE_READ [default REPEATABLE_READ]
	JDBC fetch size: none
	Pool: DataSourceConnectionProvider
	Minimum pool size: undefined/unknown
	Maximum pool size: undefined/unknown
2026-05-28T20:27:10.458+05:30  INFO 25936 --- [AirlineReservation] [main] org.hibernate.orm.core                   : HHH000489: No JTA platform available (set 'hibernate.transaction.jta.platform' to enable JTA platform integration)
2026-05-28T20:27:10.577+05:30  INFO 25936 --- [AirlineReservation] [main] j.LocalContainerEntityManagerFactoryBean : Initialized JPA EntityManagerFactory for persistence unit 'default'
2026-05-28T20:27:10.640+05:30  INFO 25936 --- [AirlineReservation] [main] o.s.d.j.r.query.QueryEnhancerFactories   : Hibernate is in classpath; If applicable, HQL parser will be used.
2026-05-28T20:27:10.835+05:30  WARN 25936 --- [AirlineReservation] [main] JpaBaseConfiguration$JpaWebConfiguration : spring.jpa.open-in-view is enabled by default. Therefore, database queries may be performed during view rendering. Explicitly configure spring.jpa.open-in-view to disable this warning
2026-05-28T20:27:10.903+05:30  INFO 25936 --- [AirlineReservation] [main] r$InitializeUserDetailsManagerConfigurer : Global AuthenticationManager configured with UserDetailsService bean with name customUserDetailsService
2026-05-28T20:27:11.284+05:30  INFO 25936 --- [AirlineReservation] [main] o.s.boot.tomcat.TomcatWebServer          : Tomcat started on port 9090 (http) with context path '/'
2026-05-28T20:27:11.289+05:30  INFO 25936 --- [AirlineReservation] [main] c.A.AirlineReservationApplication        : Started AirlineReservationApplication in 4.317 seconds (process running for 4.941)
2026-05-28T20:27:18.838+05:30  INFO 25936 --- [AirlineReservation] [http-nio-9090-exec-1] o.a.c.c.C.[Tomcat].[localhost].[/]       : Initializing Spring DispatcherServlet 'dispatcherServlet'
2026-05-28T20:27:18.839+05:30  INFO 25936 --- [AirlineReservation] [http-nio-9090-exec-1] o.s.web.servlet.DispatcherServlet        : Initializing Servlet 'dispatcherServlet'
2026-05-28T20:27:18.841+05:30  INFO 25936 --- [AirlineReservation] [http-nio-9090-exec-1] o.s.web.servlet.DispatcherServlet        : Completed initialization in 2 ms
2026-05-28T20:27:19.041+05:30 DEBUG 25936 --- [AirlineReservation] [http-nio-9090-exec-1] c.A.Controller.FlightController          : Flight adding here
2026-05-28T20:27:19.042+05:30  INFO 25936 --- [AirlineReservation] [http-nio-9090-exec-1] c.A.Controller.FlightController          : Flight successfully added!!
2026-05-28T20:27:19.042+05:30 DEBUG 25936 --- [AirlineReservation] [http-nio-9090-exec-1] c.A.S.FlightServiceImplementation        : method has reached to service class - 1
2026-05-28T20:27:49.668+05:30 DEBUG 25936 --- [AirlineReservation] [http-nio-9090-exec-3] c.A.Controller.FlightController          : Flight adding here
2026-05-28T20:27:49.668+05:30  INFO 25936 --- [AirlineReservation] [http-nio-9090-exec-3] c.A.Controller.FlightController          : Flight successfully added!!
2026-05-28T20:27:49.669+05:30 DEBUG 25936 --- [AirlineReservation] [http-nio-9090-exec-3] c.A.S.FlightServiceImplementation        : method has reached to service class - 1
2026-05-28T20:28:08.332+05:30 DEBUG 25936 --- [AirlineReservation] [http-nio-9090-exec-4] c.A.Controller.FlightController          : Flight adding here
2026-05-28T20:28:08.333+05:30  INFO 25936 --- [AirlineReservation] [http-nio-9090-exec-4] c.A.Controller.FlightController          : Flight successfully added!!
2026-05-28T20:28:08.333+05:30 DEBUG 25936 --- [AirlineReservation] [http-nio-9090-exec-4] c.A.S.FlightServiceImplementation        : method has reached to service class - 1
2026-05-28T20:28:15.306+05:30  WARN 25936 --- [AirlineReservation] [http-nio-9090-exec-5] ration$PageModule$WarningLoggingModifier : Serializing PageImpl instances as-is is not supported, meaning that there is no guarantee about the stability of the resulting JSON structure!
	For a stable JSON structure, please use Spring Data's PagedModel (globally via @EnableSpringDataWebSupport(pageSerializationMode = VIA_DTO))
	or Spring HATEOAS and Spring Data's PagedResourcesAssembler as documented in https://docs.spring.io/spring-data/commons/reference/repositories/core-extensions.html#core.web.pageables.

2026-05-28T20:28:27.527+05:30 DEBUG 25936 --- [AirlineReservation] [http-nio-9090-exec-6] c.A.Controller.FlightController          : method has reached to search flight 1
2026-05-28T20:28:27.528+05:30 DEBUG 25936 --- [AirlineReservation] [http-nio-9090-exec-6] c.A.Controller.FlightController          : method has reached to search flight 2
2026-05-28T20:28:27.528+05:30 DEBUG 25936 --- [AirlineReservation] [http-nio-9090-exec-6] c.A.S.FlightServiceImplementation        : method has reached to search flight 3
2026-05-28T20:32:18.510+05:30  INFO 25936 --- [AirlineReservation] [RMI TCP Connection(14)-127.0.0.1] inMXBeanRegistrar$SpringApplicationAdmin : Application shutdown requested.
2026-05-28T20:32:18.514+05:30  INFO 25936 --- [AirlineReservation] [RMI TCP Connection(14)-127.0.0.1] o.s.boot.tomcat.GracefulShutdown         : Commencing graceful shutdown. Waiting for active requests to complete
2026-05-28T20:32:18.540+05:30  INFO 25936 --- [AirlineReservation] [tomcat-shutdown] o.s.boot.tomcat.GracefulShutdown         : Graceful shutdown complete
2026-05-28T20:32:18.548+05:30  INFO 25936 --- [AirlineReservation] [RMI TCP Connection(14)-127.0.0.1] j.LocalContainerEntityManagerFactoryBean : Closing JPA EntityManagerFactory for persistence unit 'default'
2026-05-28T20:32:18.550+05:30  INFO 25936 --- [AirlineReservation] [RMI TCP Connection(14)-127.0.0.1] com.zaxxer.hikari.HikariDataSource       : HikariPool-1 - Shutdown initiated...
2026-05-28T20:32:18.557+05:30  INFO 25936 --- [AirlineReservation] [RMI TCP Connection(14)-127.0.0.1] com.zaxxer.hikari.HikariDataSource       : HikariPool-1 - Shutdown completed.
2026-05-28T20:44:26.394+05:30  INFO 27500 --- [AirlineReservation] [main] c.A.AirlineReservationApplication        : Starting AirlineReservationApplication using Java 17.0.2 with PID 27500 (C:\Users\venkatesh\Downloads\Springboot Projects\AirlineReservation\AirlineReservation\target\classes started by venkatesh in C:\Users\venkatesh\Downloads\Springboot Projects\AirlineReservation\AirlineReservation)
2026-05-28T20:44:26.399+05:30 DEBUG 27500 --- [AirlineReservation] [main] c.A.AirlineReservationApplication        : Running with Spring Boot v4.0.6, Spring v7.0.7
2026-05-28T20:44:26.400+05:30  INFO 27500 --- [AirlineReservation] [main] c.A.AirlineReservationApplication        : No active profile set, falling back to 1 default profile: "default"
2026-05-28T20:44:27.370+05:30  INFO 27500 --- [AirlineReservation] [main] .s.d.r.c.RepositoryConfigurationDelegate : Bootstrapping Spring Data JPA repositories in DEFAULT mode.
2026-05-28T20:44:27.458+05:30  INFO 27500 --- [AirlineReservation] [main] .s.d.r.c.RepositoryConfigurationDelegate : Finished Spring Data repository scanning in 75 ms. Found 3 JPA repository interfaces.
2026-05-28T20:44:28.156+05:30  INFO 27500 --- [AirlineReservation] [main] o.s.boot.tomcat.TomcatWebServer          : Tomcat initialized with port 9090 (http)
2026-05-28T20:44:28.173+05:30  INFO 27500 --- [AirlineReservation] [main] o.apache.catalina.core.StandardService   : Starting service [Tomcat]
2026-05-28T20:44:28.174+05:30  INFO 27500 --- [AirlineReservation] [main] o.apache.catalina.core.StandardEngine    : Starting Servlet engine: [Apache Tomcat/11.0.21]
2026-05-28T20:44:28.262+05:30  INFO 27500 --- [AirlineReservation] [main] b.w.c.s.WebApplicationContextInitializer : Root WebApplicationContext: initialization completed in 1798 ms
2026-05-28T20:44:28.508+05:30  INFO 27500 --- [AirlineReservation] [main] org.hibernate.orm.jpa                    : HHH008540: Processing PersistenceUnitInfo [name: default]
2026-05-28T20:44:28.602+05:30  INFO 27500 --- [AirlineReservation] [main] org.hibernate.orm.core                   : HHH000001: Hibernate ORM core version 7.2.12.Final
2026-05-28T20:44:29.287+05:30  INFO 27500 --- [AirlineReservation] [main] o.s.o.j.p.SpringPersistenceUnitInfo      : No LoadTimeWeaver setup: ignoring JPA class transformer
2026-05-28T20:44:29.332+05:30  INFO 27500 --- [AirlineReservation] [main] com.zaxxer.hikari.HikariDataSource       : HikariPool-1 - Starting...
2026-05-28T20:44:29.847+05:30  INFO 27500 --- [AirlineReservation] [main] com.zaxxer.hikari.pool.HikariPool        : HikariPool-1 - Added connection com.mysql.cj.jdbc.ConnectionImpl@7641ed02
2026-05-28T20:44:29.850+05:30  INFO 27500 --- [AirlineReservation] [main] com.zaxxer.hikari.HikariDataSource       : HikariPool-1 - Start completed.
2026-05-28T20:44:30.015+05:30  INFO 27500 --- [AirlineReservation] [main] org.hibernate.orm.connections.pooling    : HHH10001005: Database info:
	Database JDBC URL [jdbc:mysql://localhost:3306/airline_db]
	Database driver: MySQL Connector/J
	Database dialect: MySQLDialect
	Database version: 8.0.28
	Default catalog/schema: airline_db/undefined
	Autocommit mode: undefined/unknown
	Isolation level: REPEATABLE_READ [default REPEATABLE_READ]
	JDBC fetch size: none
	Pool: DataSourceConnectionProvider
	Minimum pool size: undefined/unknown
	Maximum pool size: undefined/unknown
2026-05-28T20:44:31.512+05:30  INFO 27500 --- [AirlineReservation] [main] org.hibernate.orm.core                   : HHH000489: No JTA platform available (set 'hibernate.transaction.jta.platform' to enable JTA platform integration)
2026-05-28T20:44:31.685+05:30  INFO 27500 --- [AirlineReservation] [main] j.LocalContainerEntityManagerFactoryBean : Initialized JPA EntityManagerFactory for persistence unit 'default'
2026-05-28T20:44:31.787+05:30  INFO 27500 --- [AirlineReservation] [main] o.s.d.j.r.query.QueryEnhancerFactories   : Hibernate is in classpath; If applicable, HQL parser will be used.
2026-05-28T20:44:32.105+05:30  WARN 27500 --- [AirlineReservation] [main] JpaBaseConfiguration$JpaWebConfiguration : spring.jpa.open-in-view is enabled by default. Therefore, database queries may be performed during view rendering. Explicitly configure spring.jpa.open-in-view to disable this warning
2026-05-28T20:44:32.220+05:30  INFO 27500 --- [AirlineReservation] [main] r$InitializeUserDetailsManagerConfigurer : Global AuthenticationManager configured with UserDetailsService bean with name customUserDetailsService
2026-05-28T20:44:32.834+05:30  INFO 27500 --- [AirlineReservation] [main] o.s.boot.tomcat.TomcatWebServer          : Tomcat started on port 9090 (http) with context path '/'
2026-05-28T20:44:32.840+05:30  INFO 27500 --- [AirlineReservation] [main] c.A.AirlineReservationApplication        : Started AirlineReservationApplication in 7.08 seconds (process running for 8.179)
2026-05-28T20:44:40.889+05:30  INFO 27500 --- [AirlineReservation] [http-nio-9090-exec-2] o.a.c.c.C.[Tomcat].[localhost].[/]       : Initializing Spring DispatcherServlet 'dispatcherServlet'
2026-05-28T20:44:40.890+05:30  INFO 27500 --- [AirlineReservation] [http-nio-9090-exec-2] o.s.web.servlet.DispatcherServlet        : Initializing Servlet 'dispatcherServlet'
2026-05-28T20:44:40.894+05:30  INFO 27500 --- [AirlineReservation] [http-nio-9090-exec-2] o.s.web.servlet.DispatcherServlet        : Completed initialization in 3 ms
2026-05-28T20:45:35.702+05:30  INFO 27500 --- [AirlineReservation] [http-nio-9090-exec-3] c.A.S.UserServiceImplementation          : User registered successfully: Rithu@gmail.com
2026-05-28T20:46:00.275+05:30  INFO 27500 --- [AirlineReservation] [http-nio-9090-exec-4] c.A.S.UserServiceImplementation          : user details fetched sucessfully : Rithu@gmail.com
2026-05-28T20:46:00.408+05:30  INFO 27500 --- [AirlineReservation] [http-nio-9090-exec-4] c.A.S.UserServiceImplementation          : Password validation : true
2026-05-28T20:46:00.553+05:30  INFO 27500 --- [AirlineReservation] [http-nio-9090-exec-4] c.A.S.UserServiceImplementation          : User logged in successfully: Rithu@gmail.com
2026-05-28T20:46:17.678+05:30  INFO 27500 --- [AirlineReservation] [http-nio-9090-exec-5] c.A.S.UserServiceImplementation          : user details fetched sucessfully : Padmavati@gmail.com
2026-05-28T20:46:17.817+05:30  INFO 27500 --- [AirlineReservation] [http-nio-9090-exec-5] c.A.S.UserServiceImplementation          : Password validation : true
2026-05-28T20:46:17.821+05:30  INFO 27500 --- [AirlineReservation] [http-nio-9090-exec-5] c.A.S.UserServiceImplementation          : User logged in successfully: Padmavati@gmail.com
2026-05-28T20:47:13.318+05:30  INFO 27500 --- [AirlineReservation] [http-nio-9090-exec-6] c.A.S.UserServiceImplementation          : user details fetched sucessfully : Padmavati@gmail.com
2026-05-28T20:47:13.462+05:30  INFO 27500 --- [AirlineReservation] [http-nio-9090-exec-6] c.A.S.UserServiceImplementation          : Password validation : false
2026-05-28T20:51:05.552+05:30  INFO 27500 --- [AirlineReservation] [RMI TCP Connection(15)-127.0.0.1] inMXBeanRegistrar$SpringApplicationAdmin : Application shutdown requested.
2026-05-28T20:51:05.939+05:30  INFO 27500 --- [AirlineReservation] [RMI TCP Connection(15)-127.0.0.1] o.s.boot.tomcat.GracefulShutdown         : Commencing graceful shutdown. Waiting for active requests to complete
2026-05-28T20:51:06.029+05:30  INFO 27500 --- [AirlineReservation] [tomcat-shutdown] o.s.boot.tomcat.GracefulShutdown         : Graceful shutdown complete
2026-05-28T20:51:06.131+05:30  INFO 27500 --- [AirlineReservation] [RMI TCP Connection(15)-127.0.0.1] j.LocalContainerEntityManagerFactoryBean : Closing JPA EntityManagerFactory for persistence unit 'default'
2026-05-28T20:51:06.193+05:30  INFO 27500 --- [AirlineReservation] [RMI TCP Connection(15)-127.0.0.1] com.zaxxer.hikari.HikariDataSource       : HikariPool-1 - Shutdown initiated...
2026-05-28T20:51:06.271+05:30  INFO 27500 --- [AirlineReservation] [RMI TCP Connection(15)-127.0.0.1] com.zaxxer.hikari.HikariDataSource       : HikariPool-1 - Shutdown completed.
2026-05-28T20:51:14.708+05:30  INFO 15352 --- [AirlineReservation] [main] c.A.AirlineReservationApplication        : Starting AirlineReservationApplication using Java 17.0.2 with PID 15352 (C:\Users\venkatesh\Downloads\Springboot Projects\AirlineReservation\AirlineReservation\target\classes started by venkatesh in C:\Users\venkatesh\Downloads\Springboot Projects\AirlineReservation\AirlineReservation)
2026-05-28T20:51:14.712+05:30 DEBUG 15352 --- [AirlineReservation] [main] c.A.AirlineReservationApplication        : Running with Spring Boot v4.0.6, Spring v7.0.7
2026-05-28T20:51:14.714+05:30  INFO 15352 --- [AirlineReservation] [main] c.A.AirlineReservationApplication        : No active profile set, falling back to 1 default profile: "default"
2026-05-28T20:51:15.842+05:30  INFO 15352 --- [AirlineReservation] [main] .s.d.r.c.RepositoryConfigurationDelegate : Bootstrapping Spring Data JPA repositories in DEFAULT mode.
2026-05-28T20:51:15.995+05:30  INFO 15352 --- [AirlineReservation] [main] .s.d.r.c.RepositoryConfigurationDelegate : Finished Spring Data repository scanning in 139 ms. Found 3 JPA repository interfaces.
2026-05-28T20:51:16.837+05:30  INFO 15352 --- [AirlineReservation] [main] o.s.boot.tomcat.TomcatWebServer          : Tomcat initialized with port 9090 (http)
2026-05-28T20:51:16.853+05:30  INFO 15352 --- [AirlineReservation] [main] o.apache.catalina.core.StandardService   : Starting service [Tomcat]
2026-05-28T20:51:16.854+05:30  INFO 15352 --- [AirlineReservation] [main] o.apache.catalina.core.StandardEngine    : Starting Servlet engine: [Apache Tomcat/11.0.21]
2026-05-28T20:51:16.951+05:30  INFO 15352 --- [AirlineReservation] [main] b.w.c.s.WebApplicationContextInitializer : Root WebApplicationContext: initialization completed in 2137 ms
2026-05-28T20:51:17.226+05:30  INFO 15352 --- [AirlineReservation] [main] org.hibernate.orm.jpa                    : HHH008540: Processing PersistenceUnitInfo [name: default]
2026-05-28T20:51:17.594+05:30  INFO 15352 --- [AirlineReservation] [main] org.hibernate.orm.core                   : HHH000001: Hibernate ORM core version 7.2.12.Final
2026-05-28T20:51:18.439+05:30  INFO 15352 --- [AirlineReservation] [main] o.s.o.j.p.SpringPersistenceUnitInfo      : No LoadTimeWeaver setup: ignoring JPA class transformer
2026-05-28T20:51:18.480+05:30  INFO 15352 --- [AirlineReservation] [main] com.zaxxer.hikari.HikariDataSource       : HikariPool-1 - Starting...
2026-05-28T20:51:19.318+05:30  INFO 15352 --- [AirlineReservation] [main] com.zaxxer.hikari.pool.HikariPool        : HikariPool-1 - Added connection com.mysql.cj.jdbc.ConnectionImpl@5cf072ea
2026-05-28T20:51:19.320+05:30  INFO 15352 --- [AirlineReservation] [main] com.zaxxer.hikari.HikariDataSource       : HikariPool-1 - Start completed.
2026-05-28T20:51:19.455+05:30  INFO 15352 --- [AirlineReservation] [main] org.hibernate.orm.connections.pooling    : HHH10001005: Database info:
	Database JDBC URL [jdbc:mysql://localhost:3306/airline_db]
	Database driver: MySQL Connector/J
	Database dialect: MySQLDialect
	Database version: 8.0.28
	Default catalog/schema: airline_db/undefined
	Autocommit mode: undefined/unknown
	Isolation level: REPEATABLE_READ [default REPEATABLE_READ]
	JDBC fetch size: none
	Pool: DataSourceConnectionProvider
	Minimum pool size: undefined/unknown
	Maximum pool size: undefined/unknown
2026-05-28T20:51:21.270+05:30  INFO 15352 --- [AirlineReservation] [main] org.hibernate.orm.core                   : HHH000489: No JTA platform available (set 'hibernate.transaction.jta.platform' to enable JTA platform integration)
2026-05-28T20:51:21.508+05:30  INFO 15352 --- [AirlineReservation] [main] j.LocalContainerEntityManagerFactoryBean : Initialized JPA EntityManagerFactory for persistence unit 'default'
2026-05-28T20:51:21.677+05:30  INFO 15352 --- [AirlineReservation] [main] o.s.d.j.r.query.QueryEnhancerFactories   : Hibernate is in classpath; If applicable, HQL parser will be used.
2026-05-28T20:51:22.306+05:30  WARN 15352 --- [AirlineReservation] [main] JpaBaseConfiguration$JpaWebConfiguration : spring.jpa.open-in-view is enabled by default. Therefore, database queries may be performed during view rendering. Explicitly configure spring.jpa.open-in-view to disable this warning
2026-05-28T20:51:22.535+05:30  INFO 15352 --- [AirlineReservation] [main] r$InitializeUserDetailsManagerConfigurer : Global AuthenticationManager configured with UserDetailsService bean with name customUserDetailsService
2026-05-28T20:51:23.561+05:30  INFO 15352 --- [AirlineReservation] [main] o.s.boot.tomcat.TomcatWebServer          : Tomcat started on port 9090 (http) with context path '/'
2026-05-28T20:51:23.570+05:30  INFO 15352 --- [AirlineReservation] [main] c.A.AirlineReservationApplication        : Started AirlineReservationApplication in 9.525 seconds (process running for 10.729)
2026-05-28T20:51:31.384+05:30  INFO 15352 --- [AirlineReservation] [http-nio-9090-exec-1] o.a.c.c.C.[Tomcat].[localhost].[/]       : Initializing Spring DispatcherServlet 'dispatcherServlet'
2026-05-28T20:51:31.385+05:30  INFO 15352 --- [AirlineReservation] [http-nio-9090-exec-1] o.s.web.servlet.DispatcherServlet        : Initializing Servlet 'dispatcherServlet'
2026-05-28T20:51:31.388+05:30  INFO 15352 --- [AirlineReservation] [http-nio-9090-exec-1] o.s.web.servlet.DispatcherServlet        : Completed initialization in 2 ms
2026-05-28T20:51:33.090+05:30  INFO 15352 --- [AirlineReservation] [http-nio-9090-exec-1] c.A.S.UserServiceImplementation          : user details fetched sucessfully : Padmavati@gmail.com
2026-05-28T20:51:33.228+05:30  INFO 15352 --- [AirlineReservation] [http-nio-9090-exec-1] c.A.S.UserServiceImplementation          : Password validation : true
2026-05-28T20:51:33.366+05:30  INFO 15352 --- [AirlineReservation] [http-nio-9090-exec-1] c.A.S.UserServiceImplementation          : User logged in successfully: Padmavati@gmail.com
2026-05-28T20:51:53.070+05:30  INFO 15352 --- [AirlineReservation] [http-nio-9090-exec-4] c.A.S.UserServiceImplementation          : user details fetched sucessfully : Padmavati@gmail.com
2026-05-28T20:51:53.208+05:30  INFO 15352 --- [AirlineReservation] [http-nio-9090-exec-4] c.A.S.UserServiceImplementation          : Password validation : false
2026-05-28T20:53:32.629+05:30  INFO 15352 --- [AirlineReservation] [RMI TCP Connection(12)-127.0.0.1] inMXBeanRegistrar$SpringApplicationAdmin : Application shutdown requested.
2026-05-28T20:53:32.635+05:30  INFO 15352 --- [AirlineReservation] [RMI TCP Connection(12)-127.0.0.1] o.s.boot.tomcat.GracefulShutdown         : Commencing graceful shutdown. Waiting for active requests to complete
2026-05-28T20:53:32.681+05:30  INFO 15352 --- [AirlineReservation] [tomcat-shutdown] o.s.boot.tomcat.GracefulShutdown         : Graceful shutdown complete
2026-05-28T20:53:32.688+05:30  INFO 15352 --- [AirlineReservation] [RMI TCP Connection(12)-127.0.0.1] j.LocalContainerEntityManagerFactoryBean : Closing JPA EntityManagerFactory for persistence unit 'default'
2026-05-28T20:53:32.690+05:30  INFO 15352 --- [AirlineReservation] [RMI TCP Connection(12)-127.0.0.1] com.zaxxer.hikari.HikariDataSource       : HikariPool-1 - Shutdown initiated...
2026-05-28T20:53:32.704+05:30  INFO 15352 --- [AirlineReservation] [RMI TCP Connection(12)-127.0.0.1] com.zaxxer.hikari.HikariDataSource       : HikariPool-1 - Shutdown completed.
2026-05-28T20:53:36.141+05:30  INFO 7952 --- [AirlineReservation] [main] c.A.AirlineReservationApplication        : Starting AirlineReservationApplication using Java 17.0.2 with PID 7952 (C:\Users\venkatesh\Downloads\Springboot Projects\AirlineReservation\AirlineReservation\target\classes started by venkatesh in C:\Users\venkatesh\Downloads\Springboot Projects\AirlineReservation\AirlineReservation)
2026-05-28T20:53:36.145+05:30 DEBUG 7952 --- [AirlineReservation] [main] c.A.AirlineReservationApplication        : Running with Spring Boot v4.0.6, Spring v7.0.7
2026-05-28T20:53:36.147+05:30  INFO 7952 --- [AirlineReservation] [main] c.A.AirlineReservationApplication        : No active profile set, falling back to 1 default profile: "default"
2026-05-28T20:53:37.050+05:30  INFO 7952 --- [AirlineReservation] [main] .s.d.r.c.RepositoryConfigurationDelegate : Bootstrapping Spring Data JPA repositories in DEFAULT mode.
2026-05-28T20:53:37.129+05:30  INFO 7952 --- [AirlineReservation] [main] .s.d.r.c.RepositoryConfigurationDelegate : Finished Spring Data repository scanning in 68 ms. Found 3 JPA repository interfaces.
2026-05-28T20:53:37.751+05:30  INFO 7952 --- [AirlineReservation] [main] o.s.boot.tomcat.TomcatWebServer          : Tomcat initialized with port 9090 (http)
2026-05-28T20:53:37.766+05:30  INFO 7952 --- [AirlineReservation] [main] o.apache.catalina.core.StandardService   : Starting service [Tomcat]
2026-05-28T20:53:37.766+05:30  INFO 7952 --- [AirlineReservation] [main] o.apache.catalina.core.StandardEngine    : Starting Servlet engine: [Apache Tomcat/11.0.21]
2026-05-28T20:53:37.852+05:30  INFO 7952 --- [AirlineReservation] [main] b.w.c.s.WebApplicationContextInitializer : Root WebApplicationContext: initialization completed in 1645 ms
2026-05-28T20:53:38.063+05:30  INFO 7952 --- [AirlineReservation] [main] org.hibernate.orm.jpa                    : HHH008540: Processing PersistenceUnitInfo [name: default]
2026-05-28T20:53:38.159+05:30  INFO 7952 --- [AirlineReservation] [main] org.hibernate.orm.core                   : HHH000001: Hibernate ORM core version 7.2.12.Final
2026-05-28T20:53:38.796+05:30  INFO 7952 --- [AirlineReservation] [main] o.s.o.j.p.SpringPersistenceUnitInfo      : No LoadTimeWeaver setup: ignoring JPA class transformer
2026-05-28T20:53:38.843+05:30  INFO 7952 --- [AirlineReservation] [main] com.zaxxer.hikari.HikariDataSource       : HikariPool-1 - Starting...
2026-05-28T20:53:39.255+05:30  INFO 7952 --- [AirlineReservation] [main] com.zaxxer.hikari.pool.HikariPool        : HikariPool-1 - Added connection com.mysql.cj.jdbc.ConnectionImpl@7641ed02
2026-05-28T20:53:39.258+05:30  INFO 7952 --- [AirlineReservation] [main] com.zaxxer.hikari.HikariDataSource       : HikariPool-1 - Start completed.
2026-05-28T20:53:39.365+05:30  INFO 7952 --- [AirlineReservation] [main] org.hibernate.orm.connections.pooling    : HHH10001005: Database info:
	Database JDBC URL [jdbc:mysql://localhost:3306/airline_db]
	Database driver: MySQL Connector/J
	Database dialect: MySQLDialect
	Database version: 8.0.28
	Default catalog/schema: airline_db/undefined
	Autocommit mode: undefined/unknown
	Isolation level: REPEATABLE_READ [default REPEATABLE_READ]
	JDBC fetch size: none
	Pool: DataSourceConnectionProvider
	Minimum pool size: undefined/unknown
	Maximum pool size: undefined/unknown
2026-05-28T20:53:40.880+05:30  INFO 7952 --- [AirlineReservation] [main] org.hibernate.orm.core                   : HHH000489: No JTA platform available (set 'hibernate.transaction.jta.platform' to enable JTA platform integration)
2026-05-28T20:53:40.986+05:30  INFO 7952 --- [AirlineReservation] [main] j.LocalContainerEntityManagerFactoryBean : Initialized JPA EntityManagerFactory for persistence unit 'default'
2026-05-28T20:53:41.087+05:30  INFO 7952 --- [AirlineReservation] [main] o.s.d.j.r.query.QueryEnhancerFactories   : Hibernate is in classpath; If applicable, HQL parser will be used.
2026-05-28T20:53:41.371+05:30  WARN 7952 --- [AirlineReservation] [main] JpaBaseConfiguration$JpaWebConfiguration : spring.jpa.open-in-view is enabled by default. Therefore, database queries may be performed during view rendering. Explicitly configure spring.jpa.open-in-view to disable this warning
2026-05-28T20:53:41.473+05:30  INFO 7952 --- [AirlineReservation] [main] r$InitializeUserDetailsManagerConfigurer : Global AuthenticationManager configured with UserDetailsService bean with name customUserDetailsService
2026-05-28T20:53:42.087+05:30  INFO 7952 --- [AirlineReservation] [main] o.s.boot.tomcat.TomcatWebServer          : Tomcat started on port 9090 (http) with context path '/'
2026-05-28T20:53:42.094+05:30  INFO 7952 --- [AirlineReservation] [main] c.A.AirlineReservationApplication        : Started AirlineReservationApplication in 6.515 seconds (process running for 7.486)
2026-05-28T20:53:51.251+05:30  INFO 7952 --- [AirlineReservation] [http-nio-9090-exec-2] o.a.c.c.C.[Tomcat].[localhost].[/]       : Initializing Spring DispatcherServlet 'dispatcherServlet'
2026-05-28T20:53:51.252+05:30  INFO 7952 --- [AirlineReservation] [http-nio-9090-exec-2] o.s.web.servlet.DispatcherServlet        : Initializing Servlet 'dispatcherServlet'
2026-05-28T20:53:51.255+05:30  INFO 7952 --- [AirlineReservation] [http-nio-9090-exec-2] o.s.web.servlet.DispatcherServlet        : Completed initialization in 2 ms
2026-05-28T20:53:52.633+05:30  INFO 7952 --- [AirlineReservation] [http-nio-9090-exec-2] c.A.S.UserServiceImplementation          : user details fetched sucessfully : Padmavati@gmail.com
2026-05-28T20:53:52.771+05:30  INFO 7952 --- [AirlineReservation] [http-nio-9090-exec-2] c.A.S.UserServiceImplementation          : Password validation : true
2026-05-28T20:53:52.907+05:30  INFO 7952 --- [AirlineReservation] [http-nio-9090-exec-2] c.A.S.UserServiceImplementation          : User logged in successfully: Padmavati@gmail.com
2026-05-28T20:54:06.795+05:30  INFO 7952 --- [AirlineReservation] [http-nio-9090-exec-3] c.A.S.UserServiceImplementation          : user details fetched sucessfully : Padmavati@gmail.com
2026-05-28T20:54:06.947+05:30  INFO 7952 --- [AirlineReservation] [http-nio-9090-exec-3] c.A.S.UserServiceImplementation          : Password validation : false
2026-05-28T20:54:06.948+05:30  INFO 7952 --- [AirlineReservation] [http-nio-9090-exec-3] c.A.S.UserServiceImplementation          : User password entered wrongly
2026-05-28T20:55:24.910+05:30  WARN 7952 --- [AirlineReservation] [http-nio-9090-exec-5] ration$PageModule$WarningLoggingModifier : Serializing PageImpl instances as-is is not supported, meaning that there is no guarantee about the stability of the resulting JSON structure!
	For a stable JSON structure, please use Spring Data's PagedModel (globally via @EnableSpringDataWebSupport(pageSerializationMode = VIA_DTO))
	or Spring HATEOAS and Spring Data's PagedResourcesAssembler as documented in https://docs.spring.io/spring-data/commons/reference/repositories/core-extensions.html#core.web.pageables.

2026-05-28T20:56:16.644+05:30 DEBUG 7952 --- [AirlineReservation] [http-nio-9090-exec-6] c.A.Controller.FlightController          : AddFlight1 adding here
2026-05-28T20:56:16.645+05:30  INFO 7952 --- [AirlineReservation] [http-nio-9090-exec-6] c.A.Controller.FlightController          : AddFlight1 successfully added!!
2026-05-28T20:56:16.645+05:30 DEBUG 7952 --- [AirlineReservation] [http-nio-9090-exec-6] c.A.S.FlightServiceImplementation        : method has reached to service class - 1
2026-05-28T21:00:23.762+05:30  INFO 7952 --- [AirlineReservation] [RMI TCP Connection(16)-127.0.0.1] inMXBeanRegistrar$SpringApplicationAdmin : Application shutdown requested.
2026-05-28T21:00:23.808+05:30  INFO 7952 --- [AirlineReservation] [RMI TCP Connection(16)-127.0.0.1] o.s.boot.tomcat.GracefulShutdown         : Commencing graceful shutdown. Waiting for active requests to complete
2026-05-28T21:00:23.899+05:30  INFO 7952 --- [AirlineReservation] [tomcat-shutdown] o.s.boot.tomcat.GracefulShutdown         : Graceful shutdown complete
2026-05-28T21:00:23.920+05:30  INFO 7952 --- [AirlineReservation] [RMI TCP Connection(16)-127.0.0.1] j.LocalContainerEntityManagerFactoryBean : Closing JPA EntityManagerFactory for persistence unit 'default'
2026-05-28T21:00:23.946+05:30  INFO 7952 --- [AirlineReservation] [RMI TCP Connection(16)-127.0.0.1] com.zaxxer.hikari.HikariDataSource       : HikariPool-1 - Shutdown initiated...
2026-05-28T21:00:23.973+05:30  INFO 7952 --- [AirlineReservation] [RMI TCP Connection(16)-127.0.0.1] com.zaxxer.hikari.HikariDataSource       : HikariPool-1 - Shutdown completed.
2026-05-28T21:02:57.781+05:30  INFO 25476 --- [AirlineReservation] [main] c.A.AirlineReservationApplication        : Starting AirlineReservationApplication using Java 17.0.2 with PID 25476 (C:\Users\venkatesh\Downloads\Springboot Projects\AirlineReservation\AirlineReservation\target\classes started by venkatesh in C:\Users\venkatesh\Downloads\Springboot Projects\AirlineReservation\AirlineReservation)
2026-05-28T21:02:57.786+05:30 DEBUG 25476 --- [AirlineReservation] [main] c.A.AirlineReservationApplication        : Running with Spring Boot v4.0.6, Spring v7.0.7
2026-05-28T21:02:57.787+05:30  INFO 25476 --- [AirlineReservation] [main] c.A.AirlineReservationApplication        : No active profile set, falling back to 1 default profile: "default"
2026-05-28T21:02:58.664+05:30  INFO 25476 --- [AirlineReservation] [main] .s.d.r.c.RepositoryConfigurationDelegate : Bootstrapping Spring Data JPA repositories in DEFAULT mode.
2026-05-28T21:02:58.734+05:30  INFO 25476 --- [AirlineReservation] [main] .s.d.r.c.RepositoryConfigurationDelegate : Finished Spring Data repository scanning in 59 ms. Found 3 JPA repository interfaces.
2026-05-28T21:02:59.287+05:30  INFO 25476 --- [AirlineReservation] [main] o.s.boot.tomcat.TomcatWebServer          : Tomcat initialized with port 9090 (http)
2026-05-28T21:02:59.302+05:30  INFO 25476 --- [AirlineReservation] [main] o.apache.catalina.core.StandardService   : Starting service [Tomcat]
2026-05-28T21:02:59.302+05:30  INFO 25476 --- [AirlineReservation] [main] o.apache.catalina.core.StandardEngine    : Starting Servlet engine: [Apache Tomcat/11.0.21]
2026-05-28T21:02:59.381+05:30  INFO 25476 --- [AirlineReservation] [main] b.w.c.s.WebApplicationContextInitializer : Root WebApplicationContext: initialization completed in 1538 ms
2026-05-28T21:02:59.576+05:30  INFO 25476 --- [AirlineReservation] [main] org.hibernate.orm.jpa                    : HHH008540: Processing PersistenceUnitInfo [name: default]
2026-05-28T21:02:59.655+05:30  INFO 25476 --- [AirlineReservation] [main] org.hibernate.orm.core                   : HHH000001: Hibernate ORM core version 7.2.12.Final
2026-05-28T21:03:00.251+05:30  INFO 25476 --- [AirlineReservation] [main] o.s.o.j.p.SpringPersistenceUnitInfo      : No LoadTimeWeaver setup: ignoring JPA class transformer
2026-05-28T21:03:00.290+05:30  INFO 25476 --- [AirlineReservation] [main] com.zaxxer.hikari.HikariDataSource       : HikariPool-1 - Starting...
2026-05-28T21:03:00.788+05:30  INFO 25476 --- [AirlineReservation] [main] com.zaxxer.hikari.pool.HikariPool        : HikariPool-1 - Added connection com.mysql.cj.jdbc.ConnectionImpl@11069eac
2026-05-28T21:03:00.791+05:30  INFO 25476 --- [AirlineReservation] [main] com.zaxxer.hikari.HikariDataSource       : HikariPool-1 - Start completed.
2026-05-28T21:03:00.926+05:30  INFO 25476 --- [AirlineReservation] [main] org.hibernate.orm.connections.pooling    : HHH10001005: Database info:
	Database JDBC URL [jdbc:mysql://localhost:3306/airline_db]
	Database driver: MySQL Connector/J
	Database dialect: MySQLDialect
	Database version: 8.0.28
	Default catalog/schema: airline_db/undefined
	Autocommit mode: undefined/unknown
	Isolation level: REPEATABLE_READ [default REPEATABLE_READ]
	JDBC fetch size: none
	Pool: DataSourceConnectionProvider
	Minimum pool size: undefined/unknown
	Maximum pool size: undefined/unknown
2026-05-28T21:03:02.536+05:30  INFO 25476 --- [AirlineReservation] [main] org.hibernate.orm.core                   : HHH000489: No JTA platform available (set 'hibernate.transaction.jta.platform' to enable JTA platform integration)
2026-05-28T21:03:02.709+05:30  INFO 25476 --- [AirlineReservation] [main] j.LocalContainerEntityManagerFactoryBean : Initialized JPA EntityManagerFactory for persistence unit 'default'
2026-05-28T21:03:02.909+05:30  INFO 25476 --- [AirlineReservation] [main] o.s.d.j.r.query.QueryEnhancerFactories   : Hibernate is in classpath; If applicable, HQL parser will be used.
2026-05-28T21:03:03.297+05:30  WARN 25476 --- [AirlineReservation] [main] JpaBaseConfiguration$JpaWebConfiguration : spring.jpa.open-in-view is enabled by default. Therefore, database queries may be performed during view rendering. Explicitly configure spring.jpa.open-in-view to disable this warning
2026-05-28T21:03:03.388+05:30  INFO 25476 --- [AirlineReservation] [main] r$InitializeUserDetailsManagerConfigurer : Global AuthenticationManager configured with UserDetailsService bean with name customUserDetailsService
2026-05-28T21:03:03.969+05:30  INFO 25476 --- [AirlineReservation] [main] o.s.boot.tomcat.TomcatWebServer          : Tomcat started on port 9090 (http) with context path '/'
2026-05-28T21:03:03.977+05:30  INFO 25476 --- [AirlineReservation] [main] c.A.AirlineReservationApplication        : Started AirlineReservationApplication in 6.704 seconds (process running for 7.541)
2026-05-28T21:03:15.079+05:30  INFO 25476 --- [AirlineReservation] [http-nio-9090-exec-1] o.a.c.c.C.[Tomcat].[localhost].[/]       : Initializing Spring DispatcherServlet 'dispatcherServlet'
2026-05-28T21:03:15.080+05:30  INFO 25476 --- [AirlineReservation] [http-nio-9090-exec-1] o.s.web.servlet.DispatcherServlet        : Initializing Servlet 'dispatcherServlet'
2026-05-28T21:03:15.085+05:30  INFO 25476 --- [AirlineReservation] [http-nio-9090-exec-1] o.s.web.servlet.DispatcherServlet        : Completed initialization in 5 ms
2026-05-28T21:07:02.926+05:30 DEBUG 25476 --- [AirlineReservation] [http-nio-9090-exec-6] c.A.Controller.FlightController          : AddFlight1 adding here
2026-05-28T21:07:02.927+05:30  INFO 25476 --- [AirlineReservation] [http-nio-9090-exec-6] c.A.Controller.FlightController          : AddFlight1 successfully added!!
2026-05-28T21:07:02.928+05:30 DEBUG 25476 --- [AirlineReservation] [http-nio-9090-exec-6] c.A.S.FlightServiceImplementation        : method has reached to service class - 1
2026-05-28T21:10:02.990+05:30  INFO 25476 --- [AirlineReservation] [http-nio-9090-exec-2] c.A.S.UserServiceImplementation          : user details fetched sucessfully : Padmavati@gmail.com
2026-05-28T21:10:03.171+05:30  INFO 25476 --- [AirlineReservation] [http-nio-9090-exec-2] c.A.S.UserServiceImplementation          : Password validation : true
2026-05-28T21:10:03.405+05:30  INFO 25476 --- [AirlineReservation] [http-nio-9090-exec-2] c.A.S.UserServiceImplementation          : User logged in successfully: Padmavati@gmail.com
2026-05-28T21:11:42.953+05:30  INFO 25476 --- [AirlineReservation] [RMI TCP Connection(17)-127.0.0.1] inMXBeanRegistrar$SpringApplicationAdmin : Application shutdown requested.
2026-05-28T21:11:42.963+05:30  INFO 25476 --- [AirlineReservation] [RMI TCP Connection(17)-127.0.0.1] o.s.boot.tomcat.GracefulShutdown         : Commencing graceful shutdown. Waiting for active requests to complete
2026-05-28T21:11:43.023+05:30  INFO 25476 --- [AirlineReservation] [tomcat-shutdown] o.s.boot.tomcat.GracefulShutdown         : Graceful shutdown complete
2026-05-28T21:11:43.032+05:30  INFO 25476 --- [AirlineReservation] [RMI TCP Connection(17)-127.0.0.1] j.LocalContainerEntityManagerFactoryBean : Closing JPA EntityManagerFactory for persistence unit 'default'
2026-05-28T21:11:43.039+05:30  INFO 25476 --- [AirlineReservation] [RMI TCP Connection(17)-127.0.0.1] com.zaxxer.hikari.HikariDataSource       : HikariPool-1 - Shutdown initiated...
2026-05-28T21:11:43.057+05:30  INFO 25476 --- [AirlineReservation] [RMI TCP Connection(17)-127.0.0.1] com.zaxxer.hikari.HikariDataSource       : HikariPool-1 - Shutdown completed.
2026-05-28T21:33:42.799+05:30  INFO 10104 --- [AirlineReservation] [main] c.A.AirlineReservationApplication        : Starting AirlineReservationApplication using Java 17.0.2 with PID 10104 (C:\Users\venkatesh\Downloads\Springboot Projects\AirlineReservation\AirlineReservation\target\classes started by venkatesh in C:\Users\venkatesh\Downloads\Springboot Projects\AirlineReservation\AirlineReservation)
2026-05-28T21:33:42.804+05:30 DEBUG 10104 --- [AirlineReservation] [main] c.A.AirlineReservationApplication        : Running with Spring Boot v4.0.6, Spring v7.0.7
2026-05-28T21:33:42.806+05:30  INFO 10104 --- [AirlineReservation] [main] c.A.AirlineReservationApplication        : No active profile set, falling back to 1 default profile: "default"
2026-05-28T21:33:44.429+05:30  INFO 10104 --- [AirlineReservation] [main] .s.d.r.c.RepositoryConfigurationDelegate : Bootstrapping Spring Data JPA repositories in DEFAULT mode.
2026-05-28T21:33:44.542+05:30  INFO 10104 --- [AirlineReservation] [main] .s.d.r.c.RepositoryConfigurationDelegate : Finished Spring Data repository scanning in 93 ms. Found 3 JPA repository interfaces.
2026-05-28T21:33:45.138+05:30  INFO 10104 --- [AirlineReservation] [main] o.s.boot.tomcat.TomcatWebServer          : Tomcat initialized with port 9090 (http)
2026-05-28T21:33:45.150+05:30  INFO 10104 --- [AirlineReservation] [main] o.apache.catalina.core.StandardService   : Starting service [Tomcat]
2026-05-28T21:33:45.150+05:30  INFO 10104 --- [AirlineReservation] [main] o.apache.catalina.core.StandardEngine    : Starting Servlet engine: [Apache Tomcat/11.0.21]
2026-05-28T21:33:45.230+05:30  INFO 10104 --- [AirlineReservation] [main] b.w.c.s.WebApplicationContextInitializer : Root WebApplicationContext: initialization completed in 2344 ms
2026-05-28T21:33:45.368+05:30  INFO 10104 --- [AirlineReservation] [main] org.hibernate.orm.jpa                    : HHH008540: Processing PersistenceUnitInfo [name: default]
2026-05-28T21:33:45.448+05:30  INFO 10104 --- [AirlineReservation] [main] org.hibernate.orm.core                   : HHH000001: Hibernate ORM core version 7.2.12.Final
2026-05-28T21:33:46.286+05:30  INFO 10104 --- [AirlineReservation] [main] o.s.o.j.p.SpringPersistenceUnitInfo      : No LoadTimeWeaver setup: ignoring JPA class transformer
2026-05-28T21:33:46.339+05:30  INFO 10104 --- [AirlineReservation] [main] com.zaxxer.hikari.HikariDataSource       : HikariPool-1 - Starting...
2026-05-28T21:33:46.837+05:30  INFO 10104 --- [AirlineReservation] [main] com.zaxxer.hikari.pool.HikariPool        : HikariPool-1 - Added connection com.mysql.cj.jdbc.ConnectionImpl@3cc6f036
2026-05-28T21:33:46.839+05:30  INFO 10104 --- [AirlineReservation] [main] com.zaxxer.hikari.HikariDataSource       : HikariPool-1 - Start completed.
2026-05-28T21:33:46.985+05:30  INFO 10104 --- [AirlineReservation] [main] org.hibernate.orm.connections.pooling    : HHH10001005: Database info:
	Database JDBC URL [jdbc:mysql://localhost:3306/airline_db]
	Database driver: MySQL Connector/J
	Database dialect: MySQLDialect
	Database version: 8.0.28
	Default catalog/schema: airline_db/undefined
	Autocommit mode: undefined/unknown
	Isolation level: REPEATABLE_READ [default REPEATABLE_READ]
	JDBC fetch size: none
	Pool: DataSourceConnectionProvider
	Minimum pool size: undefined/unknown
	Maximum pool size: undefined/unknown
2026-05-28T21:33:48.263+05:30  INFO 10104 --- [AirlineReservation] [main] org.hibernate.orm.core                   : HHH000489: No JTA platform available (set 'hibernate.transaction.jta.platform' to enable JTA platform integration)
2026-05-28T21:33:48.407+05:30  INFO 10104 --- [AirlineReservation] [main] j.LocalContainerEntityManagerFactoryBean : Initialized JPA EntityManagerFactory for persistence unit 'default'
2026-05-28T21:33:48.483+05:30  INFO 10104 --- [AirlineReservation] [main] o.s.d.j.r.query.QueryEnhancerFactories   : Hibernate is in classpath; If applicable, HQL parser will be used.
2026-05-28T21:33:48.732+05:30 DEBUG 10104 --- [AirlineReservation] [main] c.AirlineReservation.Util.JwtAuthFilter  : Filter 'jwtAuthFilter' configured for use
2026-05-28T21:33:48.875+05:30  INFO 10104 --- [AirlineReservation] [main] r$InitializeUserDetailsManagerConfigurer : Global AuthenticationManager configured with UserDetailsService bean with name customUserDetailsService
2026-05-28T21:33:48.999+05:30  WARN 10104 --- [AirlineReservation] [main] JpaBaseConfiguration$JpaWebConfiguration : spring.jpa.open-in-view is enabled by default. Therefore, database queries may be performed during view rendering. Explicitly configure spring.jpa.open-in-view to disable this warning
2026-05-28T21:33:49.758+05:30  INFO 10104 --- [AirlineReservation] [main] o.s.boot.tomcat.TomcatWebServer          : Tomcat started on port 9090 (http) with context path '/'
2026-05-28T21:33:49.765+05:30  INFO 10104 --- [AirlineReservation] [main] c.A.AirlineReservationApplication        : Started AirlineReservationApplication in 7.568 seconds (process running for 8.494)
2026-05-28T21:34:57.756+05:30  INFO 10104 --- [AirlineReservation] [http-nio-9090-exec-2] o.a.c.c.C.[Tomcat].[localhost].[/]       : Initializing Spring DispatcherServlet 'dispatcherServlet'
2026-05-28T21:34:57.758+05:30  INFO 10104 --- [AirlineReservation] [http-nio-9090-exec-2] o.s.web.servlet.DispatcherServlet        : Initializing Servlet 'dispatcherServlet'
2026-05-28T21:34:57.761+05:30  INFO 10104 --- [AirlineReservation] [http-nio-9090-exec-2] o.s.web.servlet.DispatcherServlet        : Completed initialization in 3 ms
2026-05-28T21:34:59.397+05:30  INFO 10104 --- [AirlineReservation] [http-nio-9090-exec-2] c.A.S.UserServiceImplementation          : User registered successfully: Saikrishna@gmail.com
2026-05-28T21:35:07.253+05:30  INFO 10104 --- [AirlineReservation] [http-nio-9090-exec-3] c.A.S.UserServiceImplementation          : user details fetched sucessfully : Saikrishna@gmail.com
2026-05-28T21:35:07.382+05:30  INFO 10104 --- [AirlineReservation] [http-nio-9090-exec-3] c.A.S.UserServiceImplementation          : Password validation : true
2026-05-28T21:35:07.514+05:30  INFO 10104 --- [AirlineReservation] [http-nio-9090-exec-3] c.A.S.UserServiceImplementation          : User logged in successfully: Saikrishna@gmail.com
2026-05-28T21:43:36.474+05:30  INFO 10104 --- [AirlineReservation] [RMI TCP Connection(19)-127.0.0.1] inMXBeanRegistrar$SpringApplicationAdmin : Application shutdown requested.
2026-05-28T21:43:36.498+05:30  INFO 10104 --- [AirlineReservation] [RMI TCP Connection(19)-127.0.0.1] o.s.boot.tomcat.GracefulShutdown         : Commencing graceful shutdown. Waiting for active requests to complete
2026-05-28T21:43:36.538+05:30  INFO 10104 --- [AirlineReservation] [tomcat-shutdown] o.s.boot.tomcat.GracefulShutdown         : Graceful shutdown complete
2026-05-28T21:43:36.548+05:30  INFO 10104 --- [AirlineReservation] [RMI TCP Connection(19)-127.0.0.1] j.LocalContainerEntityManagerFactoryBean : Closing JPA EntityManagerFactory for persistence unit 'default'
2026-05-28T21:43:36.554+05:30  INFO 10104 --- [AirlineReservation] [RMI TCP Connection(19)-127.0.0.1] com.zaxxer.hikari.HikariDataSource       : HikariPool-1 - Shutdown initiated...
2026-05-28T21:43:36.574+05:30  INFO 10104 --- [AirlineReservation] [RMI TCP Connection(19)-127.0.0.1] com.zaxxer.hikari.HikariDataSource       : HikariPool-1 - Shutdown completed.
